Arguments: 
  C:\Program Files\nodejs\node.exe C:\Program Files (x86)\Yarn\bin\yarn.js commit

PATH: 
  C:\Program Files\PowerShell\7;C:\Program Files\ImageMagick-7.0.10-Q16;C:\Python38\Scripts\;C:\Python38\;C:\Windows\System32;C:\Windows;C:\Windows\System32\wbem;C:\Windows\System32\WindowsPowerShell\v1.0\;C:\Windows\System32\OpenSSH\;C:\ProgramData\chocolatey\bin;C:\Program Files\Microsoft VS Code\bin;C:\Program Files (x86)\GnuPG\bin;C:\Program Files\nodejs\;C:\Program Files\dotnet\;C:\Program Files\PowerShell\7\;C:\Program Files\Git\cmd;C:\Program Files (x86)\Yarn\bin\;C:\Users\Jun\AppData\Local\Microsoft\WindowsApps;C:\Users\Jun\.dotnet\tools;C:\Program Files\Git\usr\bin;C:\Program Files\Oracle\VirtualBox;C:\MinGW\bin;C:\Users\Jun\AppData\Local\Keybase\;C:\Users\Jun\AppData\Roaming\npm;C:\Users\Jun\AppData\Local\Microsoft\WindowsApps;C:\tools\neovim\Neovim\bin;C:\ProgramData\chocolatey\lib\mingw\tools\install\mingw64\bin;C:\Users\Jun\AppData\Local\Yarn\bin

Yarn version: 
  1.22.5

Node version: 
  12.18.0

Platform: 
  win32 x64

Trace: 
  SyntaxError: G:\z.Programming\JAMstack\1-all-static\package.json: Unexpected string in JSON at position 198
      at JSON.parse (<anonymous>)
      at C:\Program Files (x86)\Yarn\lib\cli.js:1625:59
      at Generator.next (<anonymous>)
      at step (C:\Program Files (x86)\Yarn\lib\cli.js:310:30)
      at C:\Program Files (x86)\Yarn\lib\cli.js:321:13

npm manifest: 
  {
    "name": "1-all-static",
    "version": "1.0.0",
    "main": "index.js",
    "license": "MIT",
    "scripts": {
      "commit": "gitmoji -c",
      "build": "eleventy",
      "start": "eleventy --serve"
    }
    "devDependencies": {
      "@11ty/eleventy": "^0.11.0"
    }
  }

yarn manifest: 
  No manifest

Lockfile: 
  No lockfile
